<?xml version="1.0" encoding="UTF-8"?>
<!-- Generated by org.testng.reporters.JUnitXMLReporter -->
<testsuite ignored="0" hostname="Shanmukh" failures="1" tests="1" name="Test" time="107.122" errors="0" timestamp="2023-06-28T10:04:51 IST">
  <testcase classname="MMT_Validating.MMT_TestNG" name="Validating_MMT" time="95.369">
    <failure type="java.lang.AssertionError" message="expected [Guided City Tour- Shared Transfers] but found []">
      <![CDATA[java.lang.AssertionError: expected [Guided City Tour- Shared Transfers] but found []
at MMT_Validating.MMT_TestNG.Validating_MMT(MMT_TestNG.java:153)
at java.base/java.util.ArrayList.forEach(ArrayList.java:1511)
... Removed 31 stack frames]]>
    </failure>
  </testcase> <!-- Validating_MMT -->
</testsuite> <!-- Test -->
